<?xml version="1.0" encoding="UTF-8"?>
<!-- Generated by org.testng.reporters.JUnitXMLReporter -->
<testsuite ignored="2" hostname="Adhams-Mac-mini.fritz.box" failures="1" tests="3" name="Surefire test" time="3.858" errors="0" timestamp="2025-01-18T18:06:38 GMT">
  <testcase classname="UserApiTest" name="testGetAllUsers" time="2.946"/>
  <testcase classname="UserApiTest" name="testGetOneUser" time="0.114">
    <failure type="java.lang.ClassCastException" message="class java.util.LinkedHashMap cannot be cast to class java.util.List (java.util.LinkedHashMap and java.util.List are in module java.base of loader &amp;apos;bootstrap&amp;apos;)">
      <![CDATA[java.lang.ClassCastException: class java.util.LinkedHashMap cannot be cast to class java.util.List (java.util.LinkedHashMap and java.util.List are in module java.base of loader 'bootstrap')
at io.restassured.path.json.JsonPath.getList(JsonPath.java:375)
at UserApiTest.testGetOneUser(UserApiTest.java:20)
at java.base/java.util.ArrayList.forEach(ArrayList.java:1596)
... Removed 30 stack frames]]>
    </failure>
  </testcase> <!-- testGetOneUser -->
  <testcase classname="UserApiTest" name="testGetUserNotFound" time="0.148"/>
  <testcase classname="BaseTest" name="@BeforeTest beforeTest" time="0.0">
    <ignored/>
  </testcase> <!-- @BeforeTest beforeTest -->
  <testcase classname="BaseTest" name="@AfterTest afterTest" time="0.0">
    <ignored/>
  </testcase> <!-- @AfterTest afterTest -->
</testsuite> <!-- Surefire test -->
