<?xml version="1.0" encoding="UTF-8"?>
<testng-results ignored="2" total="5" passed="2" failed="1" skipped="0">
  <reporter-output>
  </reporter-output>
  <suite started-at="2025-01-18T18:06:34 GMT" name="Surefire suite" finished-at="2025-01-18T18:06:38 GMT" duration-ms="3858">
    <groups>
    </groups>
    <test started-at="2025-01-18T18:06:34 GMT" name="Surefire test" finished-at="2025-01-18T18:06:38 GMT" duration-ms="3858">
      <class name="UserApiTest">
        <test-method is-config="true" signature="beforeTest()[pri:0, instance:UserApiTest@12405818]" started-at="2025-01-18T18:06:34 GMT" name="beforeTest" finished-at="2025-01-18T18:06:34 GMT" duration-ms="584" status="PASS">
          <reporter-output>
          </reporter-output>
        </test-method> <!-- beforeTest -->
        <test-method is-config="true" signature="beforeMethod(java.lang.reflect.Method)[pri:0, instance:UserApiTest@12405818]" started-at="2025-01-18T18:06:34 GMT" name="beforeMethod" finished-at="2025-01-18T18:06:34 GMT" duration-ms="5" status="PASS">
          <params>
            <param index="0">
              <value>
                <![CDATA[public void UserApiTest.testGetAllUsers()]]>
              </value>
            </param>
          </params>
          <reporter-output>
          </reporter-output>
        </test-method> <!-- beforeMethod -->
        <test-method signature="testGetAllUsers()[pri:0, instance:UserApiTest@12405818]" started-at="2025-01-18T18:06:34 GMT" name="testGetAllUsers" finished-at="2025-01-18T18:06:37 GMT" duration-ms="2946" status="PASS">
          <reporter-output>
          </reporter-output>
        </test-method> <!-- testGetAllUsers -->
        <test-method is-config="true" signature="AfterMethod()[pri:0, instance:UserApiTest@12405818]" started-at="2025-01-18T18:06:37 GMT" name="AfterMethod" finished-at="2025-01-18T18:06:37 GMT" duration-ms="2" status="PASS">
          <reporter-output>
          </reporter-output>
        </test-method> <!-- AfterMethod -->
        <test-method is-config="true" signature="beforeMethod(java.lang.reflect.Method)[pri:0, instance:UserApiTest@12405818]" started-at="2025-01-18T18:06:37 GMT" name="beforeMethod" finished-at="2025-01-18T18:06:37 GMT" duration-ms="1" status="PASS">
          <params>
            <param index="0">
              <value>
                <![CDATA[public void UserApiTest.testGetOneUser()]]>
              </value>
            </param>
          </params>
          <reporter-output>
          </reporter-output>
        </test-method> <!-- beforeMethod -->
        <test-method signature="testGetOneUser()[pri:0, instance:UserApiTest@12405818]" started-at="2025-01-18T18:06:37 GMT" name="testGetOneUser" finished-at="2025-01-18T18:06:37 GMT" duration-ms="114" status="FAIL">
          <exception class="java.lang.ClassCastException">
            <message>
              <![CDATA[class java.util.LinkedHashMap cannot be cast to class java.util.List (java.util.LinkedHashMap and java.util.List are in module java.base of loader 'bootstrap')]]>
            </message>
            <full-stacktrace>
              <![CDATA[java.lang.ClassCastException: class java.util.LinkedHashMap cannot be cast to class java.util.List (java.util.LinkedHashMap and java.util.List are in module java.base of loader 'bootstrap')
at io.restassured.path.json.JsonPath.getList(JsonPath.java:375)
at UserApiTest.testGetOneUser(UserApiTest.java:20)
at java.base/jdk.internal.reflect.DirectMethodHandleAccessor.invoke(DirectMethodHandleAccessor.java:103)
at java.base/java.lang.reflect.Method.invoke(Method.java:580)
at org.testng.internal.invokers.MethodInvocationHelper.invokeMethod(MethodInvocationHelper.java:139)
at org.testng.internal.invokers.TestInvoker.invokeMethod(TestInvoker.java:677)
at org.testng.internal.invokers.TestInvoker.invokeTestMethod(TestInvoker.java:221)
at org.testng.internal.invokers.MethodRunner.runInSequence(MethodRunner.java:50)
at org.testng.internal.invokers.TestInvoker$MethodInvocationAgent.invoke(TestInvoker.java:969)
at org.testng.internal.invokers.TestInvoker.invokeTestMethods(TestInvoker.java:194)
at org.testng.internal.invokers.TestMethodWorker.invokeTestMethods(TestMethodWorker.java:148)
at org.testng.internal.invokers.TestMethodWorker.run(TestMethodWorker.java:128)
at java.base/java.util.ArrayList.forEach(ArrayList.java:1596)
at org.testng.TestRunner.privateRun(TestRunner.java:829)
at org.testng.TestRunner.run(TestRunner.java:602)
at org.testng.SuiteRunner.runTest(SuiteRunner.java:437)
at org.testng.SuiteRunner.runSequentially(SuiteRunner.java:431)
at org.testng.SuiteRunner.privateRun(SuiteRunner.java:391)
at org.testng.SuiteRunner.run(SuiteRunner.java:330)
at org.testng.SuiteRunnerWorker.runSuite(SuiteRunnerWorker.java:52)
at org.testng.SuiteRunnerWorker.run(SuiteRunnerWorker.java:95)
at org.testng.TestNG.runSuitesSequentially(TestNG.java:1256)
at org.testng.TestNG.runSuitesLocally(TestNG.java:1176)
at org.testng.TestNG.runSuites(TestNG.java:1099)
at org.testng.TestNG.run(TestNG.java:1067)
at org.apache.maven.surefire.testng.TestNGExecutor.run(TestNGExecutor.java:136)
at org.apache.maven.surefire.testng.TestNGDirectoryTestSuite.executeMulti(TestNGDirectoryTestSuite.java:193)
at org.apache.maven.surefire.testng.TestNGDirectoryTestSuite.execute(TestNGDirectoryTestSuite.java:94)
at org.apache.maven.surefire.testng.TestNGProvider.invoke(TestNGProvider.java:145)
at org.apache.maven.surefire.booter.ForkedBooter.runSuitesInProcess(ForkedBooter.java:428)
at org.apache.maven.surefire.booter.ForkedBooter.execute(ForkedBooter.java:162)
at org.apache.maven.surefire.booter.ForkedBooter.run(ForkedBooter.java:562)
at org.apache.maven.surefire.booter.ForkedBooter.main(ForkedBooter.java:548)
]]>
            </full-stacktrace>
          </exception> <!-- java.lang.ClassCastException -->
          <reporter-output>
          </reporter-output>
        </test-method> <!-- testGetOneUser -->
        <test-method is-config="true" signature="AfterMethod()[pri:0, instance:UserApiTest@12405818]" started-at="2025-01-18T18:06:37 GMT" name="AfterMethod" finished-at="2025-01-18T18:06:37 GMT" duration-ms="0" status="PASS">
          <reporter-output>
          </reporter-output>
        </test-method> <!-- AfterMethod -->
        <test-method is-config="true" signature="beforeMethod(java.lang.reflect.Method)[pri:0, instance:UserApiTest@12405818]" started-at="2025-01-18T18:06:37 GMT" name="beforeMethod" finished-at="2025-01-18T18:06:37 GMT" duration-ms="1" status="PASS">
          <params>
            <param index="0">
              <value>
                <![CDATA[public void UserApiTest.testGetUserNotFound()]]>
              </value>
            </param>
          </params>
          <reporter-output>
          </reporter-output>
        </test-method> <!-- beforeMethod -->
        <test-method signature="testGetUserNotFound()[pri:0, instance:UserApiTest@12405818]" started-at="2025-01-18T18:06:37 GMT" name="testGetUserNotFound" finished-at="2025-01-18T18:06:38 GMT" duration-ms="148" status="PASS">
          <reporter-output>
          </reporter-output>
        </test-method> <!-- testGetUserNotFound -->
        <test-method is-config="true" signature="AfterMethod()[pri:0, instance:UserApiTest@12405818]" started-at="2025-01-18T18:06:38 GMT" name="AfterMethod" finished-at="2025-01-18T18:06:38 GMT" duration-ms="0" status="PASS">
          <reporter-output>
          </reporter-output>
        </test-method> <!-- AfterMethod -->
        <test-method is-config="true" signature="afterTest()[pri:0, instance:UserApiTest@12405818]" started-at="2025-01-18T18:06:38 GMT" name="afterTest" finished-at="2025-01-18T18:06:38 GMT" duration-ms="0" status="PASS">
          <reporter-output>
          </reporter-output>
        </test-method> <!-- afterTest -->
      </class> <!-- UserApiTest -->
    </test> <!-- Surefire test -->
  </suite> <!-- Surefire suite -->
</testng-results>
